Arguments: 
  C:\Program Files\nodejs\node.exe C:\Users\yohan\AppData\Roaming\npm\node_modules\yarn\bin\yarn.js

PATH: 
  C:\Users\yohan\bin;C:\Program Files\Git\mingw64\bin;C:\Program Files\Git\usr\local\bin;C:\Program Files\Git\usr\bin;C:\Program Files\Git\usr\bin;C:\Program Files\Git\mingw64\bin;C:\Program Files\Git\usr\bin;C:\Users\yohan\bin;C:\Program Files\Common Files\Oracle\Java\javapath;C:\Program Files (x86)\Common Files\Oracle\Java\javapath;C:\Windows\system32;C:\Windows;C:\Windows\System32\Wbem;C:\Windows\System32\WindowsPowerShell\v1.0;C:\Windows\System32\OpenSSH;C:\Program Files\dotnet;C:\Program Files (x86)\NVIDIA Corporation\PhysX\Common;C:\Program Files\NVIDIA Corporation\NVIDIA NvDLISR;C:\Program Files\Microsoft SQL Server\150\Tools\Binn;C:\Program Files\Microsoft SQL Server\Client SDK\ODBC\170\Tools\Binn;C:\Program Files\Microsoft VS Code\bin;C:\Program Files\Go\bin;C:\Android;C:\Program Files\WireGuard;C:\WINDOWS\system32;C:\WINDOWS;C:\WINDOWS\System32\Wbem;C:\WINDOWS\System32\WindowsPowerShell\v1.0;C:\WINDOWS\System32\OpenSSH;C:\laragon\bin\composer;C:\laragon\bin\php\php-8.2.3-Win32-vs16-x64;C:\tools\neovide\target\release;C:\Program Files (x86)\Windows Kits\10\Windows Performance Toolkit;C:\ProgramData\Anaconda3\condabin;C:\Program Files (x86)\GnuPG\bin;C:\tools\SFML-2.5.1-mingw\bin;C:\Program Files (x86)\cloudflared\;C:\Program Files\PowerShell\7;C:\Program Files\usbipd-win;C:\Program Files\Git\cmd;C:\Program Files\Pandoc;C:\Program Files\nodejs;C:\Program Files\Cloudflare\Cloudflare WARP;C:\Program Files\Docker\Docker\resources\bin;C:\Users\yohan\AppData\Local\Programs\Python\Python310\Scripts;C:\Users\yohan\AppData\Local\Programs\Python\Python310;C:\Users\yohan\AppData\Local\pnpm;C:\Users\yohan\scoop\shims;C:\Users\yohan\.cargo\bin;C:\Users\yohan\AppData\Local\Microsoft\WindowsApps;C:\Users\yohan\.dotnet\tools;C:\Users\yohan\go\bin;C:\tools\bin;C:\users\yohan\go\bin;C:\Program Files\JetBrains\PyCharm Community Edition 2022.2\bin;C:\Users\yohan\AppData\Local\JetBrains\Toolbox\scripts;C:\Users\yohan\AppData\Local\Programs\oh-my-posh\bin;C:\Users\yohan\AppData\Local\Programs\Hyper\resources\bin;C:\Users\yohan\.deno\bin;C:\Users\yohan\go\bin;C:\Users\yohan\AppData\Local\JetBrains\Toolbox\apps\CLion\ch-0\231.8109.222\bin\mingw\bin;C:\Program Files\OpenSSL-Win64\bin;C:\Users\yohan\AppData\Local\Microsoft\WindowsApps;C:\Users\yohan\.rustup\toolchains\stable-x86_64-pc-windows-msvc\bin;C:\Users\yohan\.dotnet\tools;C:\Users\yohan\AppData\Roaming\Python\Python310\Scripts;C:\Users\yohan\AppData\Local\Microsoft\WinGet\Packages\Ninja-build.Ninja_Microsoft.Winget.Source_8wekyb3d8bbwe;C:\Users\yohan\.dotnet\tools;C:\Users\yohan\AppData\Roaming\npm;C:\Users\yohan\SurrealDB;C:\Users\yohan\.dotnet\tools;C:\Program Files\Git\usr\bin\vendor_perl;C:\Program Files\Git\usr\bin\core_perl

Yarn version: 
  1.22.19

Node version: 
  19.9.0

Platform: 
  win32 x64

Trace: 
  Error: ENOENT: no such file or directory, copyfile 'C:\Users\yohan\AppData\Local\Yarn\Cache\v6\npm-estraverse-4.3.0-398ad3f3c5a24948be7725e83d11a7de28cdbd1d-integrity\node_modules\estraverse\LICENSE.BSD' -> 'C:\Users\yohan\Documents\code\nodejs\awaken-overlay\node_modules\@typescript-eslint\utils\node_modules\estraverse\LICENSE.BSD'

npm manifest: 
  {
  	"name": "awaken-overlay",
  	"version": "0.0.1",
  	"private": true,
  	"scripts": {
  		"start": "npm-run-all db:migrate db:seed svelte:start",
  		"db:seed": "npx prisma db seed",
  		"db:migrate": "node scripts/check-db.js",
  		"svelte:start": "node ./wsServer.js",
  		"dev": "vite dev",
  		"build": "npm-run-all build:*",
  		"build:vite": "vite build",
  		"build:db-client": "prisma generate",
  		"preview": "vite preview",
  		"check": "svelte-kit sync && svelte-check --tsconfig ./tsconfig.json",
  		"check:watch": "svelte-kit sync && svelte-check --tsconfig ./tsconfig.json --watch",
  		"test:unit": "vitest",
  		"lint": "prettier --plugin-search-dir . --check . && eslint .",
  		"format": "prettier --plugin-search-dir . --write ."
  	},
  	"prisma": {
  		"seed": "node prisma/seed.js"
  	},
  	"devDependencies": {
  		"@sveltejs/adapter-node": "^1.2.4",
  		"@sveltejs/kit": "^1.5.0",
  		"@types/bcrypt": "^5.0.0",
  		"@types/jsonwebtoken": "^9.0.2",
  		"@typescript-eslint/eslint-plugin": "^5.45.0",
  		"@typescript-eslint/parser": "^5.45.0",
  		"autoprefixer": "^10.4.14",
  		"eslint": "^8.28.0",
  		"eslint-config-prettier": "^8.5.0",
  		"eslint-plugin-svelte": "^2.26.0",
  		"jsonwebtoken": "^9.0.0",
  		"postcss": "^8.4.23",
  		"postcss-load-config": "^4.0.1",
  		"prettier": "^2.8.0",
  		"prettier-plugin-svelte": "^2.8.1",
  		"prisma": "^4.15.0",
  		"svelte": "^3.54.0",
  		"svelte-check": "^3.0.1",
  		"svelte-preprocess": "^5.0.3",
  		"tailwindcss": "^3.3.1",
  		"tslib": "^2.4.1",
  		"typescript": "^5.0.0",
  		"vite": "^4.3.0",
  		"vitest": "^0.25.3"
  	},
  	"type": "module",
  	"dependencies": {
  		"@popperjs/core": "^2.11.7",
  		"@prisma/client": "^4.15.0",
  		"@trpc/client": "^10.29.1",
  		"@trpc/server": "^10.29.1",
  		"@types/ws": "^8.5.4",
  		"bcrypt": "^5.1.0",
  		"chalk": "^5.2.0",
  		"classnames": "^2.3.2",
  		"dayjs": "^1.11.7",
  		"flowbite": "^1.6.5",
  		"flowbite-svelte": "^0.35.3",
  		"nanoid": "^4.0.2",
  		"npm-run-all": "^4.1.5",
  		"svelte-time": "^0.7.1",
  		"trpc-sveltekit": "^3.5.12",
  		"ts-node": "^10.9.1",
  		"uuid": "^9.0.0"
  	}
  }

yarn manifest: 
  No manifest

Lockfile: 
  No lockfile
